[debug] [2022-07-30T18:17:24.876Z] ----------------------------------------------------------------------
[debug] [2022-07-30T18:17:24.879Z] Command:       F:\nodejs\node.exe C:\Users\Dikshant\AppData\Roaming\npm\node_modules\firebase-tools\lib\bin\firebase.js init
[debug] [2022-07-30T18:17:24.879Z] CLI Version:   11.4.0
[debug] [2022-07-30T18:17:24.880Z] Platform:      win32
[debug] [2022-07-30T18:17:24.880Z] Node Version:  v16.16.0
[debug] [2022-07-30T18:17:24.881Z] Time:          Sat Jul 30 2022 23:47:24 GMT+0530 (India Standard Time)
[debug] [2022-07-30T18:17:24.881Z] ----------------------------------------------------------------------
[debug] 
[debug] [2022-07-30T18:17:24.891Z] > command requires scopes: ["email","openid","https://www.googleapis.com/auth/cloudplatformprojects.readonly","https://www.googleapis.com/auth/firebase","https://www.googleapis.com/auth/cloud-platform"]
[debug] [2022-07-30T18:17:24.892Z] > authorizing via signed-in user (dikshantdwivedi055@gmail.com)
[info] 
     ######## #### ########  ######## ########     ###     ######  ########
     ##        ##  ##     ## ##       ##     ##  ##   ##  ##       ##
     ######    ##  ########  ######   ########  #########  ######  ######
     ##        ##  ##    ##  ##       ##     ## ##     ##       ## ##
     ##       #### ##     ## ######## ########  ##     ##  ######  ########

You're about to initialize a Firebase project in this directory:

  F:\todo-react\frontend

[info] 
=== Project Setup
[info] 
[info] First, let's associate this project directory with a Firebase project.
[info] You can create multiple project aliases by running firebase use --add, 
[info] but for now we'll just set up a default project.
[info] 
[debug] [2022-07-30T18:18:07.704Z] >>> [apiv2][query] GET https://firebase.googleapis.com/v1beta1/projects pageSize=100
[debug] [2022-07-30T18:18:09.812Z] <<< [apiv2][status] GET https://firebase.googleapis.com/v1beta1/projects 200
[debug] [2022-07-30T18:18:09.813Z] <<< [apiv2][body] GET https://firebase.googleapis.com/v1beta1/projects [omitted]
[info] i  Using project react-todo-39962 (react-todo) 
[info] 
=== Hosting Setup
[info] 
[info] Your public directory is the folder (relative to your project directory) that
[info] will contain Hosting assets to be uploaded with firebase deploy. If you
[info] have a build process for your assets, use your build's output directory.
[info] 
[debug] [2022-07-30T18:19:10.620Z] >>> [apiv2][query] GET https://www.gstatic.com/firebasejs/releases.json [none]
[debug] [2022-07-30T18:19:10.801Z] <<< [apiv2][status] GET https://www.gstatic.com/firebasejs/releases.json 200
[debug] [2022-07-30T18:19:10.801Z] <<< [apiv2][body] GET https://www.gstatic.com/firebasejs/releases.json {"current":{"version":"9.9.1","browserURL":"https://www.gstatic.com/firebasejs/9.9.1/firebase.js","packageURL":"https://www.gstatic.com/firebasejs/9.9.1/firebase.tgz"},"live":{"version":"9.9","browserURL":"https://www.gstatic.com/firebasejs/live/9.9/firebase.js","packageURL":"https://www.gstatic.com/firebasejs/live/9.9/firebase.tgz"},"components":{"analytics":"https://www.gstatic.com/firebasejs/9.9.1/firebase-analytics.js","app":"https://www.gstatic.com/firebasejs/9.9.1/firebase-app.js","app-check":"https://www.gstatic.com/firebasejs/9.9.1/firebase-app-check.js","auth":"https://www.gstatic.com/firebasejs/9.9.1/firebase-auth.js","auth/cordova":"https://www.gstatic.com/firebasejs/9.9.1/firebase-auth/cordova.js","auth/react-native":"https://www.gstatic.com/firebasejs/9.9.1/firebase-auth/react-native.js","functions":"https://www.gstatic.com/firebasejs/9.9.1/firebase-functions.js","firestore":"https://www.gstatic.com/firebasejs/9.9.1/firebase-firestore.js","firestore/lite":"https://www.gstatic.com/firebasejs/9.9.1/firebase-firestore/lite.js","installations":"https://www.gstatic.com/firebasejs/9.9.1/firebase-installations.js","storage":"https://www.gstatic.com/firebasejs/9.9.1/firebase-storage.js","performance":"https://www.gstatic.com/firebasejs/9.9.1/firebase-performance.js","remote-config":"https://www.gstatic.com/firebasejs/9.9.1/firebase-remote-config.js","messaging":"https://www.gstatic.com/firebasejs/9.9.1/firebase-messaging.js","messaging/sw":"https://www.gstatic.com/firebasejs/9.9.1/firebase-messaging/sw.js","database":"https://www.gstatic.com/firebasejs/9.9.1/firebase-database.js","firestore.memory":"https://www.gstatic.com/firebasejs/9.9.1/firebase-firestore.memory.js"}}
[info] +  Wrote frontend/index.html 
[info] 
[info] i  Detected a .git folder at F:\todo-react 
[info] i  Authorizing with GitHub to upload your service account to a GitHub repository's secrets store. 
[info] 
[info] Visit this URL on this device to log in:
[info] https://github.com/login/oauth/authorize?client_id=89cf50f02ac6aaed3484&state=921915405&redirect_uri=http%3A%2F%2Flocalhost%3A9005&scope=read%3Auser%20repo%20public_repo
[info] 
[info] Waiting for authentication...
[debug] [2022-07-30T18:19:21.494Z] >>> [apiv2][query] POST https://github.com/login/oauth/access_token [none]
[debug] [2022-07-30T18:19:21.497Z] >>> [apiv2][body] POST https://github.com/login/oauth/access_token [stream]
[debug] [2022-07-30T18:19:22.053Z] <<< [apiv2][status] POST https://github.com/login/oauth/access_token 200
[debug] [2022-07-30T18:19:22.053Z] <<< [apiv2][body] POST https://github.com/login/oauth/access_token {"access_token":"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","token_type":"bearer","scope":"read:user,repo"}
[debug] [2022-07-30T18:19:22.072Z] >>> [apiv2][query] GET https://api.github.com/user [none]
[debug] [2022-07-30T18:19:22.788Z] <<< [apiv2][status] GET https://api.github.com/user 200
[debug] [2022-07-30T18:19:22.788Z] <<< [apiv2][body] GET https://api.github.com/user {"login":"dwivediDikshant","id":106506279,"node_id":"U_kgDOBlkoJw","avatar_url":"https://avatars.githubusercontent.com/u/106506279?v=4","gravatar_id":"","url":"https://api.github.com/users/dwivediDikshant","html_url":"https://github.com/dwivediDikshant","followers_url":"https://api.github.com/users/dwivediDikshant/followers","following_url":"https://api.github.com/users/dwivediDikshant/following{/other_user}","gists_url":"https://api.github.com/users/dwivediDikshant/gists{/gist_id}","starred_url":"https://api.github.com/users/dwivediDikshant/starred{/owner}{/repo}","subscriptions_url":"https://api.github.com/users/dwivediDikshant/subscriptions","organizations_url":"https://api.github.com/users/dwivediDikshant/orgs","repos_url":"https://api.github.com/users/dwivediDikshant/repos","events_url":"https://api.github.com/users/dwivediDikshant/events{/privacy}","received_events_url":"https://api.github.com/users/dwivediDikshant/received_events","type":"User","site_admin":false,"name":null,"company":null,"blog":"","location":null,"email":null,"hireable":null,"bio":null,"twitter_username":null,"public_repos":0,"public_gists":0,"followers":0,"following":0,"created_at":"2022-05-30T04:43:38Z","updated_at":"2022-07-28T06:16:42Z","private_gists":0,"total_private_repos":0,"owned_private_repos":0,"disk_usage":0,"collaborators":0,"two_factor_authentication":false,"plan":{"name":"free","space":976562499,"collaborators":0,"private_repos":10000}}
[info] 
[info] +  Success! Logged into GitHub as dwivediDikshant 
[info] 
[debug] [2022-07-30T18:21:00.738Z] >>> [apiv2][query] GET https://api.github.com/repos/dikshant-dwivedi/reactTodo/actions/secrets/public-key type=owner
[debug] [2022-07-30T18:21:01.185Z] <<< [apiv2][status] GET https://api.github.com/repos/dikshant-dwivedi/reactTodo/actions/secrets/public-key 403
[debug] [2022-07-30T18:21:01.186Z] <<< [apiv2][body] GET https://api.github.com/repos/dikshant-dwivedi/reactTodo/actions/secrets/public-key {"message":"Must have admin rights to Repository.","documentation_url":"https://docs.github.com/rest/reference/actions#get-a-repository-public-key"}
[info] 
[info] 
[error] !  The provided authorization cannot be used with this repository. If this repository is in an organization, did you remember to grant access? 
[info] 
[info] i  Action required: Visit this URL to ensure access has been granted to the appropriate organization(s) for the Firebase CLI GitHub OAuth App: 
[info] https://github.com/settings/connections/applications/89cf50f02ac6aaed3484
[info] 
[debug] [2022-07-30T18:21:07.774Z] >>> [apiv2][query] GET https://api.github.com/repos/dikshant-dwivedi/reactTodo/actions/secrets/public-key type=owner
[debug] [2022-07-30T18:21:13.168Z] <<< [apiv2][status] GET https://api.github.com/repos/dikshant-dwivedi/reactTodo/actions/secrets/public-key 403
[debug] [2022-07-30T18:21:13.168Z] <<< [apiv2][body] GET https://api.github.com/repos/dikshant-dwivedi/reactTodo/actions/secrets/public-key {"message":"Must have admin rights to Repository.","documentation_url":"https://docs.github.com/rest/reference/actions#get-a-repository-public-key"}
[info] 
[info] 
[error] !  The provided authorization cannot be used with this repository. If this repository is in an organization, did you remember to grant access? 
[info] 
[info] i  Action required: Visit this URL to ensure access has been granted to the appropriate organization(s) for the Firebase CLI GitHub OAuth App: 
[info] https://github.com/settings/connections/applications/89cf50f02ac6aaed3484
[info] 
